<?xml version="1.0" encoding="UTF-8" ?>
<testsuite tests="2" failures="0" name="pruebas.runeditar" time="0.125" errors="2" skipped="0">
  <properties>
[...]
</properties>
  <testcase classname="Editar empleado" name="Editar información de un empleado existente" time="0.125">
    <error type="java.lang.NullPointerException">java.lang.NullPointerException
	at steps.editar.seEditaElNombreYApellido(editar.java:26)
	at ✽.se edita el nombre a &quot;John&quot; y el apellido a &quot;Doe&quot;(file:///C:/Users/hp/Desktop/Bilbo_Web/src/test/java/pruebas/RegistrarProveedor.feature:4)
</error>
    <system-err>SLF4J: Failed to load class &quot;org.slf4j.impl.StaticLoggerBinder&quot;.
SLF4J: Defaulting to no-operation (NOP) logger implementation
SLF4J: See http://www.slf4j.org/codes.html#StaticLoggerBinder for further details.
</system-err>
  </testcase>
  <testcase classname="Editar empleado" name="Error al editar un empleado" time="0">
    <error type="java.lang.NullPointerException">java.lang.NullPointerException
	at steps.editar.seEditaElNombreYApellido(editar.java:26)
	at ✽.se edita el nombre a &quot;&quot; y el apellido a &quot;Doe&quot;(file:///C:/Users/hp/Desktop/Bilbo_Web/src/test/java/pruebas/RegistrarProveedor.feature:9)
</error>
  </testcase>
</testsuite>